<?xml version="1.0" encoding="UTF-8"?>
<testng-results skipped="0" failed="0" ignored="0" total="3" passed="3">
  <reporter-output>
  </reporter-output>
  <suite name="Cookiebot-scan" duration-ms="303" started-at="2020-09-11T15:46:01 IST" finished-at="2020-09-11T15:46:01 IST">
    <groups>
    </groups>
    <test name="ChromeTest" duration-ms="303" started-at="2020-09-11T15:46:01 IST" finished-at="2020-09-11T15:46:01 IST">
      <class name="cookie_scan.cookie_scanner">
        <test-method status="PASS" signature="startReport(java.lang.String)[pri:0, instance:cookie_scan.cookie_scanner@70d8de]" name="startReport" is-config="true" duration-ms="67" started-at="2020-09-11T15:46:01 IST" finished-at="2020-09-11T15:46:01 IST">
          <params>
            <param index="0">
              <value>
                <![CDATA[chrome]]>
              </value>
            </param>
          </params>
          <reporter-output>
          </reporter-output>
        </test-method> <!-- startReport -->
        <test-method status="PASS" signature="initialize(java.lang.String, java.lang.String, java.lang.String, java.lang.String, java.lang.String)[pri:0, instance:cookie_scan.cookie_scanner@70d8de]" name="initialize" is-config="true" duration-ms="3" started-at="2020-09-11T15:46:01 IST" finished-at="2020-09-11T15:46:01 IST">
          <params>
            <param index="0">
              <value>
                <![CDATA[chrome]]>
              </value>
            </param>
            <param index="1">
              <value>
                <![CDATA[NA]]>
              </value>
            </param>
            <param index="2">
              <value>
                <![CDATA[NA]]>
              </value>
            </param>
            <param index="3">
              <value>
                <![CDATA[NA]]>
              </value>
            </param>
            <param index="4">
              <value>
                <![CDATA[NA]]>
              </value>
            </param>
          </params>
          <reporter-output>
          </reporter-output>
        </test-method> <!-- initialize -->
        <test-method status="PASS" signature="endDriver()[pri:0, instance:cookie_scan.cookie_scanner@70d8de]" name="endDriver" is-config="true" duration-ms="24" started-at="2020-09-11T15:46:01 IST" finished-at="2020-09-11T15:46:01 IST">
          <reporter-output>
          </reporter-output>
        </test-method> <!-- endDriver -->
        <test-method status="PASS" signature="test1()[pri:1, instance:cookie_scan.cookie_scanner@70d8de]" name="test1" duration-ms="66" started-at="2020-09-11T15:46:01 IST" finished-at="2020-09-11T15:46:01 IST">
          <reporter-output>
          </reporter-output>
        </test-method> <!-- test1 -->
        <test-method status="PASS" signature="endDriver()[pri:0, instance:cookie_scan.cookie_scanner@70d8de]" name="endDriver" is-config="true" duration-ms="14" started-at="2020-09-11T15:46:01 IST" finished-at="2020-09-11T15:46:01 IST">
          <reporter-output>
          </reporter-output>
        </test-method> <!-- endDriver -->
        <test-method status="PASS" signature="test2()[pri:2, instance:cookie_scan.cookie_scanner@70d8de]" name="test2" duration-ms="3" started-at="2020-09-11T15:46:01 IST" finished-at="2020-09-11T15:46:01 IST">
          <reporter-output>
          </reporter-output>
        </test-method> <!-- test2 -->
        <test-method status="PASS" signature="endDriver()[pri:0, instance:cookie_scan.cookie_scanner@70d8de]" name="endDriver" is-config="true" duration-ms="2" started-at="2020-09-11T15:46:01 IST" finished-at="2020-09-11T15:46:01 IST">
          <reporter-output>
          </reporter-output>
        </test-method> <!-- endDriver -->
        <test-method status="PASS" signature="test3()[pri:3, instance:cookie_scan.cookie_scanner@70d8de]" name="test3" duration-ms="2" started-at="2020-09-11T15:46:01 IST" finished-at="2020-09-11T15:46:01 IST">
          <reporter-output>
          </reporter-output>
        </test-method> <!-- test3 -->
        <test-method status="PASS" signature="endDriver()[pri:0, instance:cookie_scan.cookie_scanner@70d8de]" name="endDriver" is-config="true" duration-ms="1" started-at="2020-09-11T15:46:01 IST" finished-at="2020-09-11T15:46:01 IST">
          <reporter-output>
          </reporter-output>
        </test-method> <!-- endDriver -->
      </class> <!-- cookie_scan.cookie_scanner -->
    </test> <!-- ChromeTest -->
  </suite> <!-- Cookiebot-scan -->
</testng-results>
