<?xml version="1.0" encoding="UTF-8"?>
<!-- Generated by org.testng.reporters.JUnitXMLReporter -->
<testsuite hostname="BDC11-L-8375QQ2" ignored="0" name="ChromeTest" tests="3" failures="0" timestamp="2020-09-11T15:46:01 IST" time="0.303" errors="0">
  <testcase name="test1" time="0.066" classname="cookie_scan.cookie_scanner"/>
  <testcase name="test2" time="0.003" classname="cookie_scan.cookie_scanner"/>
  <testcase name="test3" time="0.002" classname="cookie_scan.cookie_scanner"/>
</testsuite> <!-- ChromeTest -->
